18:29:04,846  INFO DomainClassInfo:77 - Registering new domain class 'pt.ist.rest.domain.Utilizador' with id 1
18:29:04,851  INFO DomainClassInfo:77 - Registering new domain class 'pt.ist.rest.domain.Compra' with id 2
18:29:04,852  INFO DomainClassInfo:77 - Registering new domain class 'pt.ist.rest.domain.Rest' with id 3
18:29:04,853  INFO DomainClassInfo:77 - Registering new domain class 'pt.ist.rest.domain.Cliente' with id 4
18:29:04,855  INFO DomainClassInfo:77 - Registering new domain class 'pt.ist.rest.domain.Restaurante' with id 5
18:29:04,856  INFO DomainClassInfo:77 - Registering new domain class 'pt.ist.rest.domain.Prato' with id 6
18:29:04,858  INFO DomainClassInfo:77 - Registering new domain class 'pt.ist.rest.domain.Gestor' with id 7
18:29:04,859  INFO DomainClassInfo:77 - Registering new domain class 'pt.ist.rest.domain.Alimento' with id 8
18:29:04,861  INFO DomainClassInfo:77 - Registering new domain class 'pt.ist.rest.domain.Item' with id 9
18:32:23,242  INFO DomainClassInfo:77 - Registering new domain class 'pt.ist.rest.domain.Utilizador' with id 1
18:32:23,246  INFO DomainClassInfo:77 - Registering new domain class 'pt.ist.rest.domain.Compra' with id 2
18:32:23,247  INFO DomainClassInfo:77 - Registering new domain class 'pt.ist.rest.domain.Rest' with id 3
18:32:23,248  INFO DomainClassInfo:77 - Registering new domain class 'pt.ist.rest.domain.Cliente' with id 4
18:32:23,248  INFO DomainClassInfo:77 - Registering new domain class 'pt.ist.rest.domain.Restaurante' with id 5
18:32:23,250  INFO DomainClassInfo:77 - Registering new domain class 'pt.ist.rest.domain.Prato' with id 6
18:32:23,251  INFO DomainClassInfo:77 - Registering new domain class 'pt.ist.rest.domain.Gestor' with id 7
18:32:23,252  INFO DomainClassInfo:77 - Registering new domain class 'pt.ist.rest.domain.Alimento' with id 8
18:32:23,253  INFO DomainClassInfo:77 - Registering new domain class 'pt.ist.rest.domain.Item' with id 9
18:41:04,738  INFO DomainClassInfo:77 - Registering new domain class 'pt.ist.rest.domain.Utilizador' with id 1
18:41:04,761  INFO DomainClassInfo:77 - Registering new domain class 'pt.ist.rest.domain.Compra' with id 2
18:41:04,762  INFO DomainClassInfo:77 - Registering new domain class 'pt.ist.rest.domain.Rest' with id 3
18:41:04,763  INFO DomainClassInfo:77 - Registering new domain class 'pt.ist.rest.domain.Cliente' with id 4
18:41:04,764  INFO DomainClassInfo:77 - Registering new domain class 'pt.ist.rest.domain.Restaurante' with id 5
18:41:04,765  INFO DomainClassInfo:77 - Registering new domain class 'pt.ist.rest.domain.Prato' with id 6
18:41:04,765  INFO DomainClassInfo:77 - Registering new domain class 'pt.ist.rest.domain.Gestor' with id 7
18:41:04,766  INFO DomainClassInfo:77 - Registering new domain class 'pt.ist.rest.domain.Alimento' with id 8
18:41:04,767  INFO DomainClassInfo:77 - Registering new domain class 'pt.ist.rest.domain.Item' with id 9
18:50:24,218  INFO DomainClassInfo:77 - Registering new domain class 'pt.ist.rest.domain.Utilizador' with id 1
18:50:24,221  INFO DomainClassInfo:77 - Registering new domain class 'pt.ist.rest.domain.Compra' with id 2
18:50:24,222  INFO DomainClassInfo:77 - Registering new domain class 'pt.ist.rest.domain.Rest' with id 3
18:50:24,223  INFO DomainClassInfo:77 - Registering new domain class 'pt.ist.rest.domain.Cliente' with id 4
18:50:24,224  INFO DomainClassInfo:77 - Registering new domain class 'pt.ist.rest.domain.Restaurante' with id 5
18:50:24,224  INFO DomainClassInfo:77 - Registering new domain class 'pt.ist.rest.domain.Prato' with id 6
18:50:24,225  INFO DomainClassInfo:77 - Registering new domain class 'pt.ist.rest.domain.Gestor' with id 7
18:50:24,226  INFO DomainClassInfo:77 - Registering new domain class 'pt.ist.rest.domain.Alimento' with id 8
18:50:24,226  INFO DomainClassInfo:77 - Registering new domain class 'pt.ist.rest.domain.Item' with id 9
14:51:59,763  INFO DomainClassInfo:77 - Registering new domain class 'pt.ist.rest.domain.Utilizador' with id 1
14:51:59,788  INFO DomainClassInfo:77 - Registering new domain class 'pt.ist.rest.domain.Compra' with id 2
14:51:59,789  INFO DomainClassInfo:77 - Registering new domain class 'pt.ist.rest.domain.Rest' with id 3
14:51:59,790  INFO DomainClassInfo:77 - Registering new domain class 'pt.ist.rest.domain.Cliente' with id 4
14:51:59,792  INFO DomainClassInfo:77 - Registering new domain class 'pt.ist.rest.domain.Restaurante' with id 5
14:51:59,793  INFO DomainClassInfo:77 - Registering new domain class 'pt.ist.rest.domain.Prato' with id 6
14:51:59,794  INFO DomainClassInfo:77 - Registering new domain class 'pt.ist.rest.domain.Gestor' with id 7
14:51:59,795  INFO DomainClassInfo:77 - Registering new domain class 'pt.ist.rest.domain.Alimento' with id 8
14:51:59,796  INFO DomainClassInfo:77 - Registering new domain class 'pt.ist.rest.domain.Item' with id 9
