15:09:47,629  INFO DomainClassInfo:77 - Registering new domain class 'pt.ist.rest.domain.Utilizador' with id 1
15:09:47,660  INFO DomainClassInfo:77 - Registering new domain class 'pt.ist.rest.domain.Compra' with id 2
15:09:47,661  INFO DomainClassInfo:77 - Registering new domain class 'pt.ist.rest.domain.Rest' with id 3
15:09:47,662  INFO DomainClassInfo:77 - Registering new domain class 'pt.ist.rest.domain.Cliente' with id 4
15:09:47,663  INFO DomainClassInfo:77 - Registering new domain class 'pt.ist.rest.domain.Restaurante' with id 5
15:09:47,664  INFO DomainClassInfo:77 - Registering new domain class 'pt.ist.rest.domain.Prato' with id 6
15:09:47,664  INFO DomainClassInfo:77 - Registering new domain class 'pt.ist.rest.domain.Gestor' with id 7
15:09:47,666  INFO DomainClassInfo:77 - Registering new domain class 'pt.ist.rest.domain.Alimento' with id 8
15:09:47,667  INFO DomainClassInfo:77 - Registering new domain class 'pt.ist.rest.domain.Item' with id 9
15:15:40,641  INFO DomainClassInfo:77 - Registering new domain class 'pt.ist.rest.domain.Utilizador' with id 1
15:15:40,663  INFO DomainClassInfo:77 - Registering new domain class 'pt.ist.rest.domain.Compra' with id 2
15:15:40,664  INFO DomainClassInfo:77 - Registering new domain class 'pt.ist.rest.domain.Rest' with id 3
15:15:40,665  INFO DomainClassInfo:77 - Registering new domain class 'pt.ist.rest.domain.Cliente' with id 4
15:15:40,666  INFO DomainClassInfo:77 - Registering new domain class 'pt.ist.rest.domain.Restaurante' with id 5
15:15:40,667  INFO DomainClassInfo:77 - Registering new domain class 'pt.ist.rest.domain.Prato' with id 6
15:15:40,667  INFO DomainClassInfo:77 - Registering new domain class 'pt.ist.rest.domain.Gestor' with id 7
15:15:40,668  INFO DomainClassInfo:77 - Registering new domain class 'pt.ist.rest.domain.Alimento' with id 8
15:15:40,669  INFO DomainClassInfo:77 - Registering new domain class 'pt.ist.rest.domain.Item' with id 9
15:43:54,655  INFO DomainClassInfo:77 - Registering new domain class 'pt.ist.rest.domain.Utilizador' with id 1
15:43:54,660  INFO DomainClassInfo:77 - Registering new domain class 'pt.ist.rest.domain.Compra' with id 2
15:43:54,661  INFO DomainClassInfo:77 - Registering new domain class 'pt.ist.rest.domain.Rest' with id 3
15:43:54,662  INFO DomainClassInfo:77 - Registering new domain class 'pt.ist.rest.domain.Cliente' with id 4
15:43:54,663  INFO DomainClassInfo:77 - Registering new domain class 'pt.ist.rest.domain.Restaurante' with id 5
15:43:54,663  INFO DomainClassInfo:77 - Registering new domain class 'pt.ist.rest.domain.Prato' with id 6
15:43:54,664  INFO DomainClassInfo:77 - Registering new domain class 'pt.ist.rest.domain.Gestor' with id 7
15:43:54,665  INFO DomainClassInfo:77 - Registering new domain class 'pt.ist.rest.domain.Alimento' with id 8
15:43:54,666  INFO DomainClassInfo:77 - Registering new domain class 'pt.ist.rest.domain.Item' with id 9
15:45:47,506  INFO DomainClassInfo:77 - Registering new domain class 'pt.ist.rest.domain.Utilizador' with id 1
15:45:47,512  INFO DomainClassInfo:77 - Registering new domain class 'pt.ist.rest.domain.Compra' with id 2
15:45:47,513  INFO DomainClassInfo:77 - Registering new domain class 'pt.ist.rest.domain.Rest' with id 3
15:45:47,513  INFO DomainClassInfo:77 - Registering new domain class 'pt.ist.rest.domain.Cliente' with id 4
15:45:47,514  INFO DomainClassInfo:77 - Registering new domain class 'pt.ist.rest.domain.Restaurante' with id 5
15:45:47,515  INFO DomainClassInfo:77 - Registering new domain class 'pt.ist.rest.domain.Prato' with id 6
15:45:47,516  INFO DomainClassInfo:77 - Registering new domain class 'pt.ist.rest.domain.Gestor' with id 7
15:45:47,516  INFO DomainClassInfo:77 - Registering new domain class 'pt.ist.rest.domain.Alimento' with id 8
15:45:47,517  INFO DomainClassInfo:77 - Registering new domain class 'pt.ist.rest.domain.Item' with id 9
15:50:44,159  INFO DomainClassInfo:77 - Registering new domain class 'pt.ist.rest.domain.Utilizador' with id 1
15:50:44,165  INFO DomainClassInfo:77 - Registering new domain class 'pt.ist.rest.domain.Compra' with id 2
15:50:44,166  INFO DomainClassInfo:77 - Registering new domain class 'pt.ist.rest.domain.Rest' with id 3
15:50:44,166  INFO DomainClassInfo:77 - Registering new domain class 'pt.ist.rest.domain.Cliente' with id 4
15:50:44,167  INFO DomainClassInfo:77 - Registering new domain class 'pt.ist.rest.domain.Restaurante' with id 5
15:50:44,168  INFO DomainClassInfo:77 - Registering new domain class 'pt.ist.rest.domain.Prato' with id 6
15:50:44,169  INFO DomainClassInfo:77 - Registering new domain class 'pt.ist.rest.domain.Gestor' with id 7
15:50:44,169  INFO DomainClassInfo:77 - Registering new domain class 'pt.ist.rest.domain.Alimento' with id 8
15:50:44,170  INFO DomainClassInfo:77 - Registering new domain class 'pt.ist.rest.domain.Item' with id 9
15:55:23,491  INFO DomainClassInfo:77 - Registering new domain class 'pt.ist.rest.domain.Utilizador' with id 1
15:55:23,497  INFO DomainClassInfo:77 - Registering new domain class 'pt.ist.rest.domain.Compra' with id 2
15:55:23,498  INFO DomainClassInfo:77 - Registering new domain class 'pt.ist.rest.domain.Rest' with id 3
15:55:23,499  INFO DomainClassInfo:77 - Registering new domain class 'pt.ist.rest.domain.Cliente' with id 4
15:55:23,499  INFO DomainClassInfo:77 - Registering new domain class 'pt.ist.rest.domain.Restaurante' with id 5
15:55:23,500  INFO DomainClassInfo:77 - Registering new domain class 'pt.ist.rest.domain.Prato' with id 6
15:55:23,501  INFO DomainClassInfo:77 - Registering new domain class 'pt.ist.rest.domain.Gestor' with id 7
15:55:23,502  INFO DomainClassInfo:77 - Registering new domain class 'pt.ist.rest.domain.Alimento' with id 8
15:55:23,503  INFO DomainClassInfo:77 - Registering new domain class 'pt.ist.rest.domain.Item' with id 9
16:48:13,550  INFO DomainClassInfo:77 - Registering new domain class 'pt.ist.rest.domain.Utilizador' with id 1
16:48:13,587  INFO DomainClassInfo:77 - Registering new domain class 'pt.ist.rest.domain.Compra' with id 2
16:48:13,589  INFO DomainClassInfo:77 - Registering new domain class 'pt.ist.rest.domain.Rest' with id 3
16:48:13,591  INFO DomainClassInfo:77 - Registering new domain class 'pt.ist.rest.domain.Cliente' with id 4
16:48:13,593  INFO DomainClassInfo:77 - Registering new domain class 'pt.ist.rest.domain.Restaurante' with id 5
16:48:13,594  INFO DomainClassInfo:77 - Registering new domain class 'pt.ist.rest.domain.Prato' with id 6
16:48:13,596  INFO DomainClassInfo:77 - Registering new domain class 'pt.ist.rest.domain.Gestor' with id 7
16:48:13,598  INFO DomainClassInfo:77 - Registering new domain class 'pt.ist.rest.domain.Alimento' with id 8
16:48:13,600  INFO DomainClassInfo:77 - Registering new domain class 'pt.ist.rest.domain.Item' with id 9
16:55:12,234  INFO DomainClassInfo:77 - Registering new domain class 'pt.ist.rest.domain.Utilizador' with id 1
16:55:12,240  INFO DomainClassInfo:77 - Registering new domain class 'pt.ist.rest.domain.Compra' with id 2
16:55:12,241  INFO DomainClassInfo:77 - Registering new domain class 'pt.ist.rest.domain.Rest' with id 3
16:55:12,241  INFO DomainClassInfo:77 - Registering new domain class 'pt.ist.rest.domain.Cliente' with id 4
16:55:12,242  INFO DomainClassInfo:77 - Registering new domain class 'pt.ist.rest.domain.Restaurante' with id 5
16:55:12,243  INFO DomainClassInfo:77 - Registering new domain class 'pt.ist.rest.domain.Prato' with id 6
16:55:12,244  INFO DomainClassInfo:77 - Registering new domain class 'pt.ist.rest.domain.Gestor' with id 7
16:55:12,245  INFO DomainClassInfo:77 - Registering new domain class 'pt.ist.rest.domain.Alimento' with id 8
16:55:12,245  INFO DomainClassInfo:77 - Registering new domain class 'pt.ist.rest.domain.Item' with id 9
22:31:28,602  INFO DomainClassInfo:77 - Registering new domain class 'pt.ist.rest.domain.Utilizador' with id 1
22:31:28,642  INFO DomainClassInfo:77 - Registering new domain class 'pt.ist.rest.domain.Compra' with id 2
22:31:28,643  INFO DomainClassInfo:77 - Registering new domain class 'pt.ist.rest.domain.Rest' with id 3
22:31:28,645  INFO DomainClassInfo:77 - Registering new domain class 'pt.ist.rest.domain.Cliente' with id 4
22:31:28,646  INFO DomainClassInfo:77 - Registering new domain class 'pt.ist.rest.domain.Restaurante' with id 5
22:31:28,648  INFO DomainClassInfo:77 - Registering new domain class 'pt.ist.rest.domain.Prato' with id 6
22:31:28,650  INFO DomainClassInfo:77 - Registering new domain class 'pt.ist.rest.domain.Gestor' with id 7
22:31:28,652  INFO DomainClassInfo:77 - Registering new domain class 'pt.ist.rest.domain.Alimento' with id 8
22:31:28,653  INFO DomainClassInfo:77 - Registering new domain class 'pt.ist.rest.domain.Item' with id 9
22:37:24,077  INFO DomainClassInfo:77 - Registering new domain class 'pt.ist.rest.domain.Utilizador' with id 1
22:37:24,080  INFO DomainClassInfo:77 - Registering new domain class 'pt.ist.rest.domain.Compra' with id 2
22:37:24,080  INFO DomainClassInfo:77 - Registering new domain class 'pt.ist.rest.domain.Rest' with id 3
22:37:24,081  INFO DomainClassInfo:77 - Registering new domain class 'pt.ist.rest.domain.Cliente' with id 4
22:37:24,082  INFO DomainClassInfo:77 - Registering new domain class 'pt.ist.rest.domain.Restaurante' with id 5
22:37:24,083  INFO DomainClassInfo:77 - Registering new domain class 'pt.ist.rest.domain.Prato' with id 6
22:37:24,084  INFO DomainClassInfo:77 - Registering new domain class 'pt.ist.rest.domain.Gestor' with id 7
22:37:24,085  INFO DomainClassInfo:77 - Registering new domain class 'pt.ist.rest.domain.Alimento' with id 8
22:37:24,086  INFO DomainClassInfo:77 - Registering new domain class 'pt.ist.rest.domain.Item' with id 9
22:48:22,094  INFO DomainClassInfo:77 - Registering new domain class 'pt.ist.rest.domain.Utilizador' with id 1
22:48:22,097  INFO DomainClassInfo:77 - Registering new domain class 'pt.ist.rest.domain.Compra' with id 2
22:48:22,098  INFO DomainClassInfo:77 - Registering new domain class 'pt.ist.rest.domain.Rest' with id 3
22:48:22,098  INFO DomainClassInfo:77 - Registering new domain class 'pt.ist.rest.domain.Cliente' with id 4
22:48:22,099  INFO DomainClassInfo:77 - Registering new domain class 'pt.ist.rest.domain.Restaurante' with id 5
22:48:22,100  INFO DomainClassInfo:77 - Registering new domain class 'pt.ist.rest.domain.Prato' with id 6
22:48:22,101  INFO DomainClassInfo:77 - Registering new domain class 'pt.ist.rest.domain.Gestor' with id 7
22:48:22,101  INFO DomainClassInfo:77 - Registering new domain class 'pt.ist.rest.domain.Alimento' with id 8
22:48:22,102  INFO DomainClassInfo:77 - Registering new domain class 'pt.ist.rest.domain.Item' with id 9
22:55:33,907  INFO DomainClassInfo:77 - Registering new domain class 'pt.ist.rest.domain.Utilizador' with id 1
22:55:33,910  INFO DomainClassInfo:77 - Registering new domain class 'pt.ist.rest.domain.Compra' with id 2
22:55:33,911  INFO DomainClassInfo:77 - Registering new domain class 'pt.ist.rest.domain.Rest' with id 3
22:55:33,911  INFO DomainClassInfo:77 - Registering new domain class 'pt.ist.rest.domain.Cliente' with id 4
22:55:33,912  INFO DomainClassInfo:77 - Registering new domain class 'pt.ist.rest.domain.Restaurante' with id 5
22:55:33,913  INFO DomainClassInfo:77 - Registering new domain class 'pt.ist.rest.domain.Prato' with id 6
22:55:33,914  INFO DomainClassInfo:77 - Registering new domain class 'pt.ist.rest.domain.Gestor' with id 7
22:55:33,914  INFO DomainClassInfo:77 - Registering new domain class 'pt.ist.rest.domain.Alimento' with id 8
22:55:33,915  INFO DomainClassInfo:77 - Registering new domain class 'pt.ist.rest.domain.Item' with id 9
23:00:01,381  INFO DomainClassInfo:77 - Registering new domain class 'pt.ist.rest.domain.Utilizador' with id 1
23:00:01,384  INFO DomainClassInfo:77 - Registering new domain class 'pt.ist.rest.domain.Compra' with id 2
23:00:01,385  INFO DomainClassInfo:77 - Registering new domain class 'pt.ist.rest.domain.Rest' with id 3
23:00:01,386  INFO DomainClassInfo:77 - Registering new domain class 'pt.ist.rest.domain.Cliente' with id 4
23:00:01,387  INFO DomainClassInfo:77 - Registering new domain class 'pt.ist.rest.domain.Restaurante' with id 5
23:00:01,388  INFO DomainClassInfo:77 - Registering new domain class 'pt.ist.rest.domain.Prato' with id 6
23:00:01,388  INFO DomainClassInfo:77 - Registering new domain class 'pt.ist.rest.domain.Gestor' with id 7
23:00:01,389  INFO DomainClassInfo:77 - Registering new domain class 'pt.ist.rest.domain.Alimento' with id 8
23:00:01,390  INFO DomainClassInfo:77 - Registering new domain class 'pt.ist.rest.domain.Item' with id 9
